[0m12:24:19.766567 [debug] [MainThread]: Sending event: {'category': 'dbt', 'action': 'invocation', 'label': 'start', 'context': [<snowplow_tracker.self_describing_json.SelfDescribingJson object at 0x752bc0f3bce0>, <snowplow_tracker.self_describing_json.SelfDescribingJson object at 0x752bc0f3b3b0>, <snowplow_tracker.self_describing_json.SelfDescribingJson object at 0x752bc0828920>]}


============================== 12:24:19.774013 | 5bbae93e-cdaf-4f4a-a97f-b43d1c509041 ==============================
[0m12:24:19.774013 [info ] [MainThread]: Running with dbt=1.10.6
[0m12:24:19.774933 [debug] [MainThread]: running dbt with arguments {'printer_width': '80', 'indirect_selection': 'eager', 'log_cache_events': 'False', 'write_json': 'True', 'partial_parse': 'True', 'cache_selected_only': 'False', 'profiles_dir': '/home/adminxx/.dbt', 'version_check': 'True', 'fail_fast': 'False', 'log_path': 'logs', 'debug': 'False', 'warn_error': 'None', 'use_colors': 'True', 'use_experimental_parser': 'False', 'no_print': 'None', 'quiet': 'False', 'empty': 'None', 'log_format': 'default', 'invocation_command': 'dbt init', 'static_parser': 'True', 'introspect': 'True', 'target_path': 'None', 'warn_error_options': 'WarnErrorOptionsV2(error=[], warn=[], silence=[])', 'send_anonymous_usage_stats': 'True'}
[0m12:24:19.808642 [info ] [MainThread]: Creating dbt configuration folder at /home/adminxx/.dbt
[0m12:26:37.622516 [debug] [MainThread]: Starter project path: /home/adminxx/astro-dlt-dbt/venv/lib/python3.12/site-packages/dbt/include/starter_project
[0m12:26:37.642361 [info ] [MainThread]: 
Your new dbt project "mongo_movies" was created!

For more information on how to configure the profiles.yml file,
please consult the dbt documentation here:

  https://docs.getdbt.com/docs/configure-your-profile

One more thing:

Need help? Don't hesitate to reach out to us via GitHub issues or on Slack:

  https://community.getdbt.com/

Happy modeling!

[0m12:26:37.643553 [info ] [MainThread]: Setting up your profile.
[0m12:26:56.889463 [debug] [MainThread]: Sending event: {'category': 'dbt', 'action': 'invocation', 'label': 'start', 'context': [<snowplow_tracker.self_describing_json.SelfDescribingJson object at 0x7740cd8e75f0>, <snowplow_tracker.self_describing_json.SelfDescribingJson object at 0x7740cd8e5160>, <snowplow_tracker.self_describing_json.SelfDescribingJson object at 0x7740cd8e63c0>]}


============================== 12:26:56.897145 | e37da598-9172-47f9-97a9-d6511970c615 ==============================
[0m12:26:56.897145 [info ] [MainThread]: Running with dbt=1.10.6
[0m12:26:56.898090 [debug] [MainThread]: running dbt with arguments {'printer_width': '80', 'indirect_selection': 'eager', 'write_json': 'True', 'log_cache_events': 'False', 'partial_parse': 'True', 'cache_selected_only': 'False', 'warn_error': 'None', 'debug': 'False', 'version_check': 'True', 'log_path': 'logs', 'profiles_dir': '/home/adminxx/.dbt', 'fail_fast': 'False', 'use_colors': 'True', 'use_experimental_parser': 'False', 'no_print': 'None', 'quiet': 'False', 'empty': 'None', 'warn_error_options': 'WarnErrorOptionsV2(error=[], warn=[], silence=[])', 'introspect': 'True', 'static_parser': 'True', 'invocation_command': 'dbt init', 'target_path': 'None', 'log_format': 'default', 'send_anonymous_usage_stats': 'True'}
[0m12:27:56.199710 [info ] [MainThread]: A project called mongo_movies already exists here.
[0m12:27:56.207216 [debug] [MainThread]: Resource report: {"command_name": "init", "command_success": true, "command_wall_clock_time": 65.45998, "process_in_blocks": "54064", "process_kernel_time": 0.719718, "process_mem_max_rss": "101636", "process_out_blocks": "8", "process_user_time": 2.334519}
[0m12:27:56.208530 [debug] [MainThread]: Command `dbt init` succeeded at 12:27:56.208250 after 65.46 seconds
[0m12:27:56.209646 [debug] [MainThread]: Sending event: {'category': 'dbt', 'action': 'invocation', 'label': 'end', 'context': [<snowplow_tracker.self_describing_json.SelfDescribingJson object at 0x7740cd1d7cb0>, <snowplow_tracker.self_describing_json.SelfDescribingJson object at 0x7740ccf77740>, <snowplow_tracker.self_describing_json.SelfDescribingJson object at 0x7740cd03dc70>]}
[0m12:27:56.210583 [debug] [MainThread]: Flushing usage events
[0m12:27:57.742449 [debug] [MainThread]: An error was encountered while trying to flush usage events
[0m12:28:19.905055 [debug] [MainThread]: Sending event: {'category': 'dbt', 'action': 'invocation', 'label': 'start', 'context': [<snowplow_tracker.self_describing_json.SelfDescribingJson object at 0x70958cc2be00>, <snowplow_tracker.self_describing_json.SelfDescribingJson object at 0x70958c11d9a0>, <snowplow_tracker.self_describing_json.SelfDescribingJson object at 0x70958e7152b0>]}


============================== 12:28:19.913152 | c6068fa8-3602-4c86-baa2-ddfe8a635cc4 ==============================
[0m12:28:19.913152 [info ] [MainThread]: Running with dbt=1.10.6
[0m12:28:19.914085 [debug] [MainThread]: running dbt with arguments {'printer_width': '80', 'indirect_selection': 'eager', 'write_json': 'True', 'log_cache_events': 'False', 'partial_parse': 'True', 'cache_selected_only': 'False', 'profiles_dir': '/home/adminxx/.dbt', 'debug': 'False', 'fail_fast': 'False', 'log_path': 'logs', 'warn_error': 'None', 'version_check': 'True', 'use_colors': 'True', 'use_experimental_parser': 'False', 'empty': 'None', 'quiet': 'False', 'no_print': 'None', 'warn_error_options': 'WarnErrorOptionsV2(error=[], warn=[], silence=[])', 'introspect': 'True', 'invocation_command': 'dbt init', 'log_format': 'default', 'target_path': 'None', 'static_parser': 'True', 'send_anonymous_usage_stats': 'True'}
[0m12:28:19.942181 [info ] [MainThread]: Creating dbt configuration folder at /home/adminxx/.dbt
[0m12:28:23.356441 [info ] [MainThread]: A project called mongo_movies already exists here.
[0m12:28:23.358593 [debug] [MainThread]: Resource report: {"command_name": "init", "command_success": true, "command_wall_clock_time": 4.0662208, "process_in_blocks": "55288", "process_kernel_time": 0.584793, "process_mem_max_rss": "102328", "process_out_blocks": "0", "process_user_time": 2.185666}
[0m12:28:23.359536 [debug] [MainThread]: Command `dbt init` succeeded at 12:28:23.359369 after 4.07 seconds
[0m12:28:23.360194 [debug] [MainThread]: Sending event: {'category': 'dbt', 'action': 'invocation', 'label': 'end', 'context': [<snowplow_tracker.self_describing_json.SelfDescribingJson object at 0x70958be29670>, <snowplow_tracker.self_describing_json.SelfDescribingJson object at 0x70958bdcbef0>, <snowplow_tracker.self_describing_json.SelfDescribingJson object at 0x70958ba20b30>]}
[0m12:28:23.360837 [debug] [MainThread]: Flushing usage events
[0m12:28:24.793723 [debug] [MainThread]: An error was encountered while trying to flush usage events
[0m12:29:29.721297 [debug] [MainThread]: Sending event: {'category': 'dbt', 'action': 'invocation', 'label': 'start', 'context': [<snowplow_tracker.self_describing_json.SelfDescribingJson object at 0x7128e555eb40>, <snowplow_tracker.self_describing_json.SelfDescribingJson object at 0x7128e608b260>, <snowplow_tracker.self_describing_json.SelfDescribingJson object at 0x7128e5ad25a0>]}


============================== 12:29:29.732973 | 439476a0-2bbd-4ae3-bc4e-37a6989b37b8 ==============================
[0m12:29:29.732973 [info ] [MainThread]: Running with dbt=1.10.6
[0m12:29:29.734269 [debug] [MainThread]: running dbt with arguments {'printer_width': '80', 'indirect_selection': 'eager', 'log_cache_events': 'False', 'write_json': 'True', 'partial_parse': 'True', 'cache_selected_only': 'False', 'warn_error': 'None', 'debug': 'False', 'profiles_dir': '/home/adminxx/.dbt', 'log_path': 'logs', 'fail_fast': 'False', 'version_check': 'True', 'use_colors': 'True', 'use_experimental_parser': 'False', 'no_print': 'None', 'quiet': 'False', 'empty': 'None', 'warn_error_options': 'WarnErrorOptionsV2(error=[], warn=[], silence=[])', 'introspect': 'True', 'log_format': 'default', 'static_parser': 'True', 'target_path': 'None', 'invocation_command': 'dbt init', 'send_anonymous_usage_stats': 'True'}
[0m12:29:29.760294 [info ] [MainThread]: Creating dbt configuration folder at /home/adminxx/.dbt
[0m12:29:33.257383 [info ] [MainThread]: A project called mongo_movies already exists here.
[0m12:29:33.264237 [debug] [MainThread]: Resource report: {"command_name": "init", "command_success": true, "command_wall_clock_time": 4.15537, "process_in_blocks": "55696", "process_kernel_time": 0.650428, "process_mem_max_rss": "101992", "process_out_blocks": "16", "process_user_time": 2.248371}
[0m12:29:33.265259 [debug] [MainThread]: Command `dbt init` succeeded at 12:29:33.264991 after 4.16 seconds
[0m12:29:33.265986 [debug] [MainThread]: Sending event: {'category': 'dbt', 'action': 'invocation', 'label': 'end', 'context': [<snowplow_tracker.self_describing_json.SelfDescribingJson object at 0x7128e54a1df0>, <snowplow_tracker.self_describing_json.SelfDescribingJson object at 0x7128e5d21220>, <snowplow_tracker.self_describing_json.SelfDescribingJson object at 0x7128e5ad25a0>]}
[0m12:29:33.266754 [debug] [MainThread]: Flushing usage events
[0m12:29:34.850093 [debug] [MainThread]: An error was encountered while trying to flush usage events
[0m12:31:09.872182 [debug] [MainThread]: Sending event: {'category': 'dbt', 'action': 'invocation', 'label': 'start', 'context': [<snowplow_tracker.self_describing_json.SelfDescribingJson object at 0x719e296d46b0>, <snowplow_tracker.self_describing_json.SelfDescribingJson object at 0x719e2964d640>, <snowplow_tracker.self_describing_json.SelfDescribingJson object at 0x719e2bcccf20>]}


============================== 12:31:09.880321 | 05279f69-a6f7-4517-9257-facd4ba2a216 ==============================
[0m12:31:09.880321 [info ] [MainThread]: Running with dbt=1.10.6
[0m12:31:09.881893 [debug] [MainThread]: running dbt with arguments {'printer_width': '80', 'indirect_selection': 'eager', 'log_cache_events': 'False', 'write_json': 'True', 'partial_parse': 'True', 'cache_selected_only': 'False', 'profiles_dir': '/home/adminxx/.dbt', 'version_check': 'True', 'debug': 'False', 'log_path': 'logs', 'fail_fast': 'False', 'warn_error': 'None', 'use_colors': 'True', 'use_experimental_parser': 'False', 'no_print': 'None', 'quiet': 'False', 'empty': 'None', 'log_format': 'default', 'introspect': 'True', 'invocation_command': 'dbt init', 'static_parser': 'True', 'target_path': 'None', 'warn_error_options': 'WarnErrorOptionsV2(error=[], warn=[], silence=[])', 'send_anonymous_usage_stats': 'True'}
[0m12:31:13.109874 [debug] [MainThread]: Starter project path: /home/adminxx/astro-dlt-dbt/venv/lib/python3.12/site-packages/dbt/include/starter_project
[0m12:31:13.127775 [info ] [MainThread]: 
Your new dbt project "mongo_movies" was created!

For more information on how to configure the profiles.yml file,
please consult the dbt documentation here:

  https://docs.getdbt.com/docs/configure-your-profile

One more thing:

Need help? Don't hesitate to reach out to us via GitHub issues or on Slack:

  https://community.getdbt.com/

Happy modeling!

[0m12:31:13.128954 [info ] [MainThread]: Setting up your profile.
[0m12:31:56.693087 [info ] [MainThread]: Profile mongo_movies written to /home/adminxx/.dbt/profiles.yml using target's profile_template.yml and your supplied values. Run 'dbt debug' to validate the connection.
[0m12:31:56.696140 [debug] [MainThread]: Resource report: {"command_name": "init", "command_success": true, "command_wall_clock_time": 51.925148, "process_in_blocks": "58528", "process_kernel_time": 0.684272, "process_mem_max_rss": "105228", "process_out_blocks": "80", "process_user_time": 2.294327}
[0m12:31:56.697122 [debug] [MainThread]: Command `dbt init` succeeded at 12:31:56.696882 after 51.93 seconds
[0m12:31:56.697780 [debug] [MainThread]: Sending event: {'category': 'dbt', 'action': 'invocation', 'label': 'end', 'context': [<snowplow_tracker.self_describing_json.SelfDescribingJson object at 0x719e29d18320>, <snowplow_tracker.self_describing_json.SelfDescribingJson object at 0x719e298bef00>, <snowplow_tracker.self_describing_json.SelfDescribingJson object at 0x719e294f52e0>]}
[0m12:31:56.698470 [debug] [MainThread]: Flushing usage events
[0m12:31:58.347855 [debug] [MainThread]: An error was encountered while trying to flush usage events
[0m12:32:08.034624 [debug] [MainThread]: Sending event: {'category': 'dbt', 'action': 'invocation', 'label': 'start', 'context': [<snowplow_tracker.self_describing_json.SelfDescribingJson object at 0x70b728752c90>, <snowplow_tracker.self_describing_json.SelfDescribingJson object at 0x70b7297a2510>, <snowplow_tracker.self_describing_json.SelfDescribingJson object at 0x70b729450980>]}


============================== 12:32:08.042949 | 4f63b683-1af7-42b5-b39e-4a8b3cdb96fe ==============================
[0m12:32:08.042949 [info ] [MainThread]: Running with dbt=1.10.6
[0m12:32:08.043864 [debug] [MainThread]: running dbt with arguments {'printer_width': '80', 'indirect_selection': 'eager', 'write_json': 'True', 'log_cache_events': 'False', 'partial_parse': 'True', 'cache_selected_only': 'False', 'profiles_dir': '/home/adminxx/.dbt', 'version_check': 'True', 'debug': 'False', 'log_path': 'logs', 'fail_fast': 'False', 'warn_error': 'None', 'use_colors': 'True', 'use_experimental_parser': 'False', 'empty': 'None', 'quiet': 'False', 'no_print': 'None', 'log_format': 'default', 'static_parser': 'True', 'invocation_command': 'dbt debug', 'warn_error_options': 'WarnErrorOptionsV2(error=[], warn=[], silence=[])', 'target_path': 'None', 'introspect': 'True', 'send_anonymous_usage_stats': 'True'}
[0m12:32:08.081797 [info ] [MainThread]: dbt version: 1.10.6
[0m12:32:08.082827 [info ] [MainThread]: python version: 3.12.3
[0m12:32:08.083568 [info ] [MainThread]: python path: /home/adminxx/astro-dlt-dbt/venv/bin/python3
[0m12:32:08.084253 [info ] [MainThread]: os info: Linux-6.6.87.2-microsoft-standard-WSL2-x86_64-with-glibc2.39
[0m12:32:08.234446 [info ] [MainThread]: Using profiles dir at /home/adminxx/.dbt
[0m12:32:08.235298 [info ] [MainThread]: Using profiles.yml file at /home/adminxx/.dbt/profiles.yml
[0m12:32:08.235873 [info ] [MainThread]: Using dbt_project.yml file at /home/adminxx/astro-dlt-dbt/dbt_project.yml
[0m12:32:08.244003 [info ] [MainThread]: adapter type: postgres
[0m12:32:08.244740 [info ] [MainThread]: adapter version: 1.9.0
[0m12:32:08.245337 [info ] [MainThread]: Configuration:
[0m12:32:08.245995 [info ] [MainThread]:   profiles.yml file [[32mOK found and valid[0m]
[0m12:32:08.246767 [info ] [MainThread]:   dbt_project.yml file [[31mERROR not found[0m]
[0m12:32:08.247302 [info ] [MainThread]: Required dependencies:
[0m12:32:08.247869 [debug] [MainThread]: Executing "git --help"
[0m12:32:08.271328 [debug] [MainThread]: STDOUT: "b"usage: git [-v | --version] [-h | --help] [-C <path>] [-c <name>=<value>]\n           [--exec-path[=<path>]] [--html-path] [--man-path] [--info-path]\n           [-p | --paginate | -P | --no-pager] [--no-replace-objects] [--bare]\n           [--git-dir=<path>] [--work-tree=<path>] [--namespace=<name>]\n           [--config-env=<name>=<envvar>] <command> [<args>]\n\nThese are common Git commands used in various situations:\n\nstart a working area (see also: git help tutorial)\n   clone     Clone a repository into a new directory\n   init      Create an empty Git repository or reinitialize an existing one\n\nwork on the current change (see also: git help everyday)\n   add       Add file contents to the index\n   mv        Move or rename a file, a directory, or a symlink\n   restore   Restore working tree files\n   rm        Remove files from the working tree and from the index\n\nexamine the history and state (see also: git help revisions)\n   bisect    Use binary search to find the commit that introduced a bug\n   diff      Show changes between commits, commit and working tree, etc\n   grep      Print lines matching a pattern\n   log       Show commit logs\n   show      Show various types of objects\n   status    Show the working tree status\n\ngrow, mark and tweak your common history\n   branch    List, create, or delete branches\n   commit    Record changes to the repository\n   merge     Join two or more development histories together\n   rebase    Reapply commits on top of another base tip\n   reset     Reset current HEAD to the specified state\n   switch    Switch branches\n   tag       Create, list, delete or verify a tag object signed with GPG\n\ncollaborate (see also: git help workflows)\n   fetch     Download objects and refs from another repository\n   pull      Fetch from and integrate with another repository or a local branch\n   push      Update remote refs along with associated objects\n\n'git help -a' and 'git help -g' list available subcommands and some\nconcept guides. See 'git help <command>' or 'git help <concept>'\nto read about a specific subcommand or concept.\nSee 'git help git' for an overview of the system.\n""
[0m12:32:08.272139 [debug] [MainThread]: STDERR: "b''"
[0m12:32:08.272799 [info ] [MainThread]:  - git [[32mOK found[0m]

[0m12:32:08.273470 [info ] [MainThread]: Connection:
[0m12:32:08.274129 [info ] [MainThread]:   host: localhost
[0m12:32:08.274734 [info ] [MainThread]:   port: 5433
[0m12:32:08.275449 [info ] [MainThread]:   user: admin
[0m12:32:08.276468 [info ] [MainThread]:   database: test_db
[0m12:32:08.277278 [info ] [MainThread]:   schema: dbt_model
[0m12:32:08.278502 [info ] [MainThread]:   connect_timeout: 10
[0m12:32:08.279327 [info ] [MainThread]:   role: None
[0m12:32:08.279959 [info ] [MainThread]:   search_path: None
[0m12:32:08.280714 [info ] [MainThread]:   keepalives_idle: 0
[0m12:32:08.281497 [info ] [MainThread]:   sslmode: None
[0m12:32:08.282173 [info ] [MainThread]:   sslcert: None
[0m12:32:08.282823 [info ] [MainThread]:   sslkey: None
[0m12:32:08.283448 [info ] [MainThread]:   sslrootcert: None
[0m12:32:08.283982 [info ] [MainThread]:   application_name: dbt
[0m12:32:08.284500 [info ] [MainThread]:   retries: 1
[0m12:32:08.285227 [info ] [MainThread]: Registered adapter: postgres=1.9.0
[0m12:32:08.453271 [debug] [MainThread]: Acquiring new postgres connection 'debug'
[0m12:32:08.521047 [debug] [MainThread]: Using postgres connection "debug"
[0m12:32:08.521947 [debug] [MainThread]: On debug: select 1 as id
[0m12:32:08.522510 [debug] [MainThread]: Opening a new connection, currently in state init
[0m12:32:08.585707 [debug] [MainThread]: SQL status: SELECT 1 in 0.063 seconds
[0m12:32:08.587469 [debug] [MainThread]: On debug: Close
[0m12:32:08.588495 [info ] [MainThread]:   Connection test: [[32mOK connection ok[0m]

[0m12:32:08.589429 [info ] [MainThread]: [31m1 check failed:[0m
[0m12:32:08.590141 [info ] [MainThread]: Project loading failed for the following reason:
 project path </home/adminxx/astro-dlt-dbt/dbt_project.yml> not found

[0m12:32:08.591863 [debug] [MainThread]: Resource report: {"command_name": "debug", "command_success": false, "command_wall_clock_time": 0.6801162, "process_in_blocks": "68048", "process_kernel_time": 0.833129, "process_mem_max_rss": "114792", "process_out_blocks": "24", "process_user_time": 2.51774}
[0m12:32:08.592767 [debug] [MainThread]: Command `dbt debug` failed at 12:32:08.592538 after 0.68 seconds
[0m12:32:08.593567 [debug] [MainThread]: Connection 'debug' was properly closed.
[0m12:32:08.594154 [debug] [MainThread]: Sending event: {'category': 'dbt', 'action': 'invocation', 'label': 'end', 'context': [<snowplow_tracker.self_describing_json.SelfDescribingJson object at 0x70b728701670>, <snowplow_tracker.self_describing_json.SelfDescribingJson object at 0x70b7295236b0>, <snowplow_tracker.self_describing_json.SelfDescribingJson object at 0x70b7284ba630>]}
[0m12:32:08.594880 [debug] [MainThread]: Flushing usage events
[0m12:32:09.867492 [debug] [MainThread]: An error was encountered while trying to flush usage events
